1104004
1103878
1103944
1103605
1103910
1104098
1104110
1104056
1104032
1103959
1096067
1103916
1103969
1104005
1103624
1103669
1103756
1104827
1104817
1104672
1104981
1105086
1104941
1104962
1105016
1101926
1105359
1105354
1105215
1105320
1105367
1103106
1105483
1105924
1105887
1105844
1105701
1105689
1105870
1105953
1105891
1104866
1105888
1106166
1106014
1106008
1106019
1106343
1106344
1106212
1106230
1106148
1106353
1106245
1106523
1106522
1106452
1106449
1106498
1106390
1106819
1106877
1106831
1106678
1106427
1106504
1106550
1106797
1106784
1106660
1106615
1106500
1106911
1106891
1106729
1107037
1106998
1107023
1107012
1106957
1095376
1107132
1107007
1107246
1107358
1107475
1107222
1107212
1107464
1107165
1100477
1107494
1107401
1094222
1103517
1107525
1107738
1107693
1107551
1107540
1107497
1107766
1107665
1106709
1107799
1107784
1107628
1108042
1107949
1107973
1108138
1108061
1108035
1108101
1108176
1108300
1108211
1108361
1108353
1108302
1108375
1108425
1108498
1108464
1108943
1108947
1109269
1109261
1109407
1109818
1110071
1110048
1110021
1110157
1110220
1110172
1110320
1110420
1110560
1110224
1110574
1110688
1110536
1110661
1110837
1110953
1110789
1112514
1112498
1112393
1112286
1112268
1112587
1112519
1112590
1112654
1112627
1112374
1112725
1112860
1113002
1113130
1112720
1113000
1113344
1113293
1113241
1113647
1113613
1113767
1113724
1113577
1113534
1113833
1113971
1114003
1113935
1114219
1114281
1114209
1114348
1114308
1114398
1114361
1114352
1114330
1114528
1114610
1114799
1114776
1114712
1114918
1114906
1115032
1115179
1115191
1115838
1115836
1115732
1115964
1115853
1115832
1116056
1116127
1116267
1116470
1116346
1116570
1109763
1116635
1116606
1116560
1116488
1116752
1116792
1116720
1116580
1116897
1116838
1116750
1116668
1117030
1116988
1116899
1116818
1117116
1117107
1117075
1117082
1117057
1116865
1117304
1117225
1117117
1117111
1117302
1117426
1117350
1117609
1117592
1117729
1117549
1118072
1118065
1118087
1118006
1117610
1117638
1118427
1118095
1118602
1118349
1104262
1118679
1118673
1119077
1118981
1118816
1119382
1119150
1118849
1118784
1119414
1119362
1118684
1119683
1119543
1119327
1119758
1119744
1119448
1116145
1119833
1119645
1120194
1120095
1119892
1120393
1120259
1120014
1119970
1120359
1120546
1120528
1120518
1120701
1120610
1120638
1120776
1121062
1121170
1121218
1121343
1121310
1121331
1095370
1121647
1121490
1121261
1121821
1120325
1122172
1122039
1122125
1122234
1122569
1122799
1122714
1122872
1122875
1122765
1122836
1123143
1123208
1123197
1123557
1123267
1123229
1123678
1123618
1123687
1123733
1123494
1123844
1123436
1123047
1123880
1123937
1123932
1123787
1124188
1124239
1124286
1124261
1124344
1124230
1124250
1124453
1124434
1124426
1124724
1124638
1124551
1124736
1124677
1124894
1124820
1124809
1125150
1125342
1125362
1125185
1125119
1125240
1125187
1125205
1101297
1125583
1125586
1123499
1125913
1125684
1125862
1125990
1125940
1126175
1126409
1126392
1126382
1126285
1126549
1126346
1126519
1126799
1126885
1126946
1126949
1127188
1127106
1127175
1127214
1127307
1127173
1127267
1127498
1127489
1127611
1127543
1127654
1127925
1127853
1127986
1127903
1128023
1128001
1127962
1128058
1128029
1127909
1128299
1128318
1128374
1128390
1128476
1128430
1128488
1128686
1128651
1128643
1128659
1128858
1128987
1129078
1129095
1129050
1128941
1129176
1129061
1129275
1129191
1129438
1121603
1129259
1129509
1129441
1129313
1129397
1129524
1129979
1129936
1129969
1129965
1130153
1130296
1130228
1130146
1130462
1130709
1130743
1130733
1130710
1130828
1130931
1130810
1130941
1106416
1131074
1131488
1131462
1131657
1131577
1131827
1131869
1131729
1131833
1131822
1131854
1131872
1132004
1132320
1132316
1132462
1133135
1133066
1133155
1133269
1133245
1133195
1133170
1133207
1133470
1133439
1133555
1133513
1133468
1133464
1133600
1133572
1133471
1133565
1133737
1133730
1133798
1133802
1133790
1133894
1133866
1134039
1133954
1134112
1134054
1134138
1134183
1134070
1134259
1134270
1134230
1134229
1134311
1134358
1134464
1134560
1129470
1134591
1134653
1134707
1134765
1134762
1134852
1134861
1134874
1134860
1135079
1135020
1135064
1135206
1135357
1135346
1135435
1135432
1135392
1135502
1135215
1135427
1135606
1135598
1135545
1135713
1135795
1135723
1135540
1136101
1136077
1136135
1136043
1136197
1136237
1136206
1136428
1136403
1136343
1136667
1136626
1136564
1136742
1136757
1136816
1132545
1136865
1136981
1137327
1137305
1137398
1137534
1137511
1137572
1137684
1137894
1137843
1137959
1137977
1137962
1138072
1138057
1138048
1137969
1138030
1138270
1138449
1138443
1138489
1138565
1138673
1138773
1138738
1138685
1138808
1138770
1138726
1138826
1138819
1138922
1138899
1138947
1138940
1138878
1136687
1139005
1138977
1139033
1139156
1139151
1139241
1139237
1139341
1139377
1139297
1139270
1139537
1139595
1139562
1139429
1139432
1139692
1139298
1139762
1139655
1139490
1139803
1139888
1139846
1139829
1139936
1140057
1140103
1140251
1140407
1140395
1140274
1140559
1140497
1140564
1140567
1140554
1140547
1140529
1140682
1140683
1140776
1139880
1140665
1144235
1144150
1144143
1142551
1144368
1144353
1144384
1144572
1145041
1144874
1144816
1144766
1145125
1145037
1145406
1145546
1145565
1145540
1145559
1145548
1145749
1145853
1145670
1147884
1147882
1147826
1148041
1148029
1147937
1147894
1148069
1148125
1147946
1148160
1148152
1148031
1148201
1148247
1148278
1148412
1148369
1148327
1148598
1148463
1148493
1148470
1148718
1148512
1148802
1148521
1148795
1148571
1148545
1148578
1148707
1149009
1149020
1149119
1149070
1149295
1149149
1149331
1149277
1149425
1149138
1149639
1149503
1149620
1149424
1149788
1147160
1149832
1150135
1150036
1150069
1150205
1150209
1150311
1150371
1150517
1150627
1150759
1150836
1150907
1150932
1150649
1151102
1151088
1151121
1151104
1151206
1154580
1154816
1154790
1154666
1155223
1153783
1155083
1155287
1154974
1155337
1155341
1155465
1155526
1155297
1155761
1155721
1152103
1155847
1156027
1156017
1156001
1156230
1156139
1156444
1156198
1156042
1156681
1156571
1156836
1156662
1156987
1157014
1156697
1156557
1156910
1157128
1157070
1156952
1157173
1156984
1157196
1157355
1157359
1157496
1157508
1157529
1157094
1157472
1157824
1157874
1157826
1157971
1157905
1158769
1158733
1158723
1145409
1158838
1158929
1159163
1159233
1159259
1159499
1159479
1159407
1159984
1159196
1159663
1159136
1159691
1159683
1159770
1156360
1159469
1159690
1159590
1147333
1157805
1159376
1158019
1158360
1158699
1159066
1157852
1158382
1162698
1161127
1162364
1162546
1161204
1161370
1162851
1162782
1162903
1162798
1162615
1162965
1162432
1161364
1162841
1162552
1160027
1162103
1161527
1162028
1161953
1161726
1162862
1162718
1162766
1162732
1163016
1162497
1162932
1163084
1161542
1163279
1162779
1162952
1163548
1163433
1163652
1163618
1163419
1163859
1162502
1163629
1163057
1163831
1163216
1163336
1163581
1167020
1166498
1165946
1165757
1166798
1166721
1165638
1166605
1166499
1166409
1166205
1166190
1166189
1165417
1166383
1166102
1165981
1166981
1165709
1166829
1166958
1167182
1166977
1166609
1167109
1166939
1167198
1165836
1165414
1167385
1167029
1167149
1167292
1165889
1166718
1167011
1167161
1167167
1167679
1167566
1167509
1167610
1166198
1167491
1167683
1167965
1167571
1167580
1168009
1167432
1167972
1167529
1167527
1167805
1167459
1167851
1168235
1165113
1168100
1167478
1168142
1156204
1167409
1168070
1168449
1168363
1168167
1168091
1167704
1168034
1168643
1168280
1152977
1168746
1167603
1168230
1168825
1168729
1167237
1167777
1168584
1153056
1167447
1168658
1169128
1166352
1169074
1168724
1168860
1168573
1169225
1167315
1169056
1169130
1169233
1169357
1165425
1169494
1169644
1169645
1166521
1167388
1169755
1169174
1169805
1169802
1154306
1165951
1168933
1169676
1168973
1169841
1170105
1169855
1169358
1170111
1169054
1169127
1170158
1169921
1169937
1169877
1169527
1170011
1169880
1167797
1170274
1165158
1169538
1170229
1169032
1169197
1169525
1170286
1170518
1170095
1169475
1170527
1170360
1170419
1169785
1170533
1170598
1170692
1169950
1169666
1170669
1170849
1170019
1169719
1170740
1170411
1169761
1171312
1171229
1171061
1170806
1171115
1170355
1171014
1170878
1171373
1170943
1167486
1170885
1170858
1170773
1171511
1171148
1171035
1170345
1170154
1171379
1171549
1171473
1171342
1171564
1171136
1168500
1170904
1170839
1171553
1171659
1171174
1171127
1171645
1170946
1171944
1171864
1171743
1171780
1172199
1171875
1171835
1171690
1172160
1171916
1172141
1172278
1171781
1171526
1172180
1171573
1170965
1172229
1172564
1172606
1172329
1172781
1172431
1170737
1171734
1172604
1172136
1172529
1172342
1171627
1172986
1172933
1173167
1173154
1172874
1173936
1173940
1173929
1173968
1173951
1173595
1173744
1174194
1173664
1174413
1174187
1171648
1174375
1174617
1174059
1174231
1174514
1174331
1174606
1174591
1174631
1174506
1174313
1174379
1174421
1168802
1171022
1174319
1103637
1174943
1174780
1174401
1174377
1175010
1172125
1171189
1174141
1172313
1175092
1175093
1174823
1175030
1174866
1174787
1174867
1175542
1175516
1175667
1175643
1175394
